<?xml version="1.0" encoding="UTF-8"?>
<!-- Generated by org.testng.reporters.JUnitReportReporter -->
<testsuite hostname="DESKTOP-5JOFOUD" failures="0" tests="1" name="Demoproject.Demo1" time="7.284" errors="0" timestamp="2024-05-15T17:30:57 IST" skipped="0">
  <testcase classname="Demoproject.Demo1" name="m" time="7.284"/>
</testsuite> <!-- Demoproject.Demo1 -->
