<?xml version="1.0" encoding="UTF-8"?>
<!-- Generated by org.testng.reporters.JUnitReportReporter -->
<testsuite hostname="DESKTOP-5JOFOUD" failures="0" tests="1" name="practice.demo1" time="0.007" errors="0" timestamp="2024-05-23T14:32:07 IST" skipped="0">
  <testcase classname="practice.demo1" name="f" time="0.007"/>
</testsuite> <!-- practice.demo1 -->
