<?xml version="1.0" encoding="UTF-8"?>
<!-- Generated by org.testng.reporters.JUnitReportReporter -->
<testsuite hostname="DESKTOP-5JOFOUD" failures="0" tests="8" name="practice.demo" time="0.041" errors="0" timestamp="2024-05-23T14:32:07 IST" skipped="1">
  <testcase classname="practice.demo" name="m1" time="0.002"/>
  <testcase classname="practice.demo" name="m1" time="0.008"/>
  <testcase classname="practice.demo" name="m1" time="0.003"/>
  <testcase classname="practice.demo" name="m3" time="0.003"/>
  <testcase classname="practice.demo" name="m1" time="0.017"/>
  <testcase classname="practice.demo" name="m1" time="0.002"/>
  <testcase classname="practice.demo" name="m2" time="0.006"/>
  <testcase classname="practice.demo" name="m">
    <skipped/>
  </testcase> <!-- m -->
</testsuite> <!-- practice.demo -->
